{
  "Minitest": {
    "coverage": {
      "/Users/gabrielpagotto/Desktop/m7academy/contextfy-api/app/models/user.rb": {
        "lines": [
          1,
          1,
          null
        ]
      },
      "/Users/gabrielpagotto/Desktop/m7academy/contextfy-api/app/models/application_record.rb": {
        "lines": [
          1,
          1,
          null
        ]
      },
      "/Users/gabrielpagotto/Desktop/m7academy/contextfy-api/app/controllers/application_controller.rb": {
        "lines": [
          1,
          null,
          1,
          1,
          null,
          1,
          4,
          1,
          null,
          null,
          3,
          3,
          3,
          null,
          3,
          1,
          null,
          null,
          2,
          null,
          null,
          3,
          null,
          null,
          1,
          2,
          null,
          null,
          1,
          1,
          null,
          null,
          1,
          1,
          0,
          null,
          null,
          null
        ]
      },
      "/Users/gabrielpagotto/Desktop/m7academy/contextfy-api/app/helpers/auth_helper.rb": {
        "lines": [
          1,
          1,
          1,
          null,
          1,
          14,
          14,
          null,
          null,
          1,
          7,
          4,
          null,
          3,
          null,
          null,
          null
        ]
      },
      "/Users/gabrielpagotto/Desktop/m7academy/contextfy-api/app/services/spotify_service.rb": {
        "lines": [
          1,
          null,
          1,
          3,
          null,
          null,
          1,
          1,
          1,
          null,
          null,
          1,
          0,
          0,
          null,
          null,
          1,
          null,
          1,
          1,
          null,
          1,
          2,
          2,
          null,
          2,
          2,
          2,
          2,
          null,
          null,
          null,
          1,
          3,
          2,
          null,
          1,
          null,
          null,
          null
        ]
      },
      "/Users/gabrielpagotto/Desktop/m7academy/contextfy-api/app/controllers/auth_controller.rb": {
        "lines": [
          1,
          null,
          1,
          4,
          null,
          null,
          1,
          1,
          null,
          null,
          1,
          3,
          2,
          2,
          2,
          null,
          2,
          null,
          2,
          2,
          null,
          2,
          null,
          2,
          2,
          2,
          null,
          null,
          null,
          null,
          null,
          0,
          0,
          0,
          null,
          0,
          null,
          null,
          2,
          null,
          1,
          null,
          null,
          null,
          1,
          null,
          1,
          1,
          1,
          1,
          1,
          1,
          1,
          null,
          1,
          null,
          2,
          null,
          null,
          null,
          null,
          null,
          2,
          2,
          2,
          null,
          null,
          1,
          4,
          null,
          null,
          1,
          1,
          null,
          null,
          null,
          null,
          null,
          null,
          null
        ]
      }
    },
    "timestamp": 1727834833
  },
  "RSpec": {
    "coverage": {
    },
    "timestamp": 1727742789
  }
}
